#-----------------------------------------------------------
# Vivado v2018.2 (64-bit)
# SW Build 2258646 on Thu Jun 14 20:03:12 MDT 2018
# IP Build 2256618 on Thu Jun 14 22:10:49 MDT 2018
# Start of session at: Sun Dec  2 22:03:17 2018
# Process ID: 14800
# Current directory: C:/Users/SANIKA/Documents/ECE540Fall18/FinalProject/RGB_AHBlite/RGB/RGB/Hardware
# Command line: vivado.exe -gui_launcher_event rodinguilauncherevent6872 C:\Users\SANIKA\Documents\ECE540Fall18\FinalProject\RGB_AHBlite\RGB\RGB\Hardware\Balkawade_Cetola_proj1.xpr
# Log file: C:/Users/SANIKA/Documents/ECE540Fall18/FinalProject/RGB_AHBlite/RGB/RGB/Hardware/vivado.log
# Journal file: C:/Users/SANIKA/Documents/ECE540Fall18/FinalProject/RGB_AHBlite/RGB/RGB/Hardware\vivado.jou
#-----------------------------------------------------------
start_gui
open_project C:/Users/SANIKA/Documents/ECE540Fall18/FinalProject/RGB_AHBlite/RGB/RGB/Hardware/Balkawade_Cetola_proj1.xpr
CRITICAL WARNING: [Project 1-19] Could not find the file 'C:/Users/SANIKA/Documents/ECE540Fall18/FinalProject/RGB_AHBlite/RGB/RGB/Hardware/Balkawade_Cetola_proj1.srcs/sources_1/new/PWMGenerator.v'.
Scanning sources...
Finished scanning sources
INFO: [IP_Flow 19-234] Refreshing IP repositories
INFO: [IP_Flow 19-1704] No user IP repositories specified
INFO: [IP_Flow 19-2313] Loaded Vivado IP repository 'C:/Xilinx/Vivado/2018.2/data/ip'.
open_project: Time (s): cpu = 00:00:26 ; elapsed = 00:00:19 . Memory (MB): peak = 818.602 ; gain = 95.762

